<?xml version="1.0" encoding="UTF-8"?>
<testsuite xmlns:xsi="http://www.w3.org/2001/XMLSchema-instance" xsi:noNamespaceSchemaLocation="https://maven.apache.org/surefire/maven-surefire-plugin/xsd/surefire-test-report.xsd" name="com.troy.qiuli.producer.redis.service.RedisServiceTest" time="10.141" tests="3" errors="0" skipped="0" failures="0">
  <properties>
    <property name="sun.desktop" value="windows"/>
    <property name="awt.toolkit" value="sun.awt.windows.WToolkit"/>
    <property name="file.encoding.pkg" value="sun.io"/>
    <property name="java.specification.version" value="1.8"/>
    <property name="sun.cpu.isalist" value="amd64"/>
    <property name="sun.jnu.encoding" value="GBK"/>
    <property name="java.class.path" value="E:\project\qiuli\producer\target\test-classes;E:\project\qiuli\producer\target\classes;E:\project\qiuli\dao\target\dao-1.0-SNAPSHOT.jar;E:\project\qiuli\common\target\common-1.0-SNAPSHOT.jar;E:\project\qiuli\service\target\service-1.0-SNAPSHOT.jar;E:\project\qiuli\service-api\target\service-api-1.0-SNAPSHOT.jar;D:\Develop\mvnrepository\org\springframework\boot\spring-boot-starter-web\2.1.1.RELEASE\spring-boot-starter-web-2.1.1.RELEASE.jar;D:\Develop\mvnrepository\org\springframework\boot\spring-boot-starter\2.1.1.RELEASE\spring-boot-starter-2.1.1.RELEASE.jar;D:\Develop\mvnrepository\org\springframework\boot\spring-boot-starter-logging\2.1.1.RELEASE\spring-boot-starter-logging-2.1.1.RELEASE.jar;D:\Develop\mvnrepository\ch\qos\logback\logback-classic\1.2.3\logback-classic-1.2.3.jar;D:\Develop\mvnrepository\ch\qos\logback\logback-core\1.2.3\logback-core-1.2.3.jar;D:\Develop\mvnrepository\org\apache\logging\log4j\log4j-to-slf4j\2.11.1\log4j-to-slf4j-2.11.1.jar;D:\Develop\mvnrepository\org\apache\logging\log4j\log4j-api\2.11.1\log4j-api-2.11.1.jar;D:\Develop\mvnrepository\org\slf4j\jul-to-slf4j\1.7.25\jul-to-slf4j-1.7.25.jar;D:\Develop\mvnrepository\javax\annotation\javax.annotation-api\1.3.2\javax.annotation-api-1.3.2.jar;D:\Develop\mvnrepository\org\yaml\snakeyaml\1.23\snakeyaml-1.23.jar;D:\Develop\mvnrepository\org\springframework\boot\spring-boot-starter-json\2.1.1.RELEASE\spring-boot-starter-json-2.1.1.RELEASE.jar;D:\Develop\mvnrepository\com\fasterxml\jackson\core\jackson-databind\2.9.7\jackson-databind-2.9.7.jar;D:\Develop\mvnrepository\com\fasterxml\jackson\core\jackson-core\2.9.7\jackson-core-2.9.7.jar;D:\Develop\mvnrepository\com\fasterxml\jackson\datatype\jackson-datatype-jdk8\2.9.7\jackson-datatype-jdk8-2.9.7.jar;D:\Develop\mvnrepository\com\fasterxml\jackson\datatype\jackson-datatype-jsr310\2.9.7\jackson-datatype-jsr310-2.9.7.jar;D:\Develop\mvnrepository\com\fasterxml\jackson\module\jackson-module-parameter-names\2.9.7\jackson-module-parameter-names-2.9.7.jar;D:\Develop\mvnrepository\org\springframework\boot\spring-boot-starter-tomcat\2.1.1.RELEASE\spring-boot-starter-tomcat-2.1.1.RELEASE.jar;D:\Develop\mvnrepository\org\apache\tomcat\embed\tomcat-embed-core\9.0.13\tomcat-embed-core-9.0.13.jar;D:\Develop\mvnrepository\org\apache\tomcat\embed\tomcat-embed-el\9.0.13\tomcat-embed-el-9.0.13.jar;D:\Develop\mvnrepository\org\apache\tomcat\embed\tomcat-embed-websocket\9.0.13\tomcat-embed-websocket-9.0.13.jar;D:\Develop\mvnrepository\org\hibernate\validator\hibernate-validator\6.0.13.Final\hibernate-validator-6.0.13.Final.jar;D:\Develop\mvnrepository\javax\validation\validation-api\2.0.1.Final\validation-api-2.0.1.Final.jar;D:\Develop\mvnrepository\org\jboss\logging\jboss-logging\3.3.2.Final\jboss-logging-3.3.2.Final.jar;D:\Develop\mvnrepository\org\springframework\spring-web\5.1.3.RELEASE\spring-web-5.1.3.RELEASE.jar;D:\Develop\mvnrepository\org\springframework\spring-beans\5.1.3.RELEASE\spring-beans-5.1.3.RELEASE.jar;D:\Develop\mvnrepository\org\springframework\spring-webmvc\5.1.3.RELEASE\spring-webmvc-5.1.3.RELEASE.jar;D:\Develop\mvnrepository\org\springframework\spring-aop\5.1.3.RELEASE\spring-aop-5.1.3.RELEASE.jar;D:\Develop\mvnrepository\org\springframework\spring-context\5.1.3.RELEASE\spring-context-5.1.3.RELEASE.jar;D:\Develop\mvnrepository\org\springframework\spring-expression\5.1.3.RELEASE\spring-expression-5.1.3.RELEASE.jar;D:\Develop\mvnrepository\com\alibaba\druid-spring-boot-starter\1.1.23\druid-spring-boot-starter-1.1.23.jar;D:\Develop\mvnrepository\com\alibaba\druid\1.1.23\druid-1.1.23.jar;D:\Develop\mvnrepository\org\slf4j\slf4j-api\1.7.25\slf4j-api-1.7.25.jar;D:\Develop\mvnrepository\org\springframework\boot\spring-boot-autoconfigure\2.1.1.RELEASE\spring-boot-autoconfigure-2.1.1.RELEASE.jar;D:\Develop\mvnrepository\org\mybatis\spring\boot\mybatis-spring-boot-starter\2.0.1\mybatis-spring-boot-starter-2.0.1.jar;D:\Develop\mvnrepository\org\mybatis\spring\boot\mybatis-spring-boot-autoconfigure\2.0.1\mybatis-spring-boot-autoconfigure-2.0.1.jar;D:\Develop\mvnrepository\org\mybatis\mybatis\3.5.1\mybatis-3.5.1.jar;D:\Develop\mvnrepository\org\mybatis\mybatis-spring\2.0.1\mybatis-spring-2.0.1.jar;D:\Develop\mvnrepository\io\springfox\springfox-swagger2\2.9.2\springfox-swagger2-2.9.2.jar;D:\Develop\mvnrepository\io\swagger\swagger-annotations\1.5.20\swagger-annotations-1.5.20.jar;D:\Develop\mvnrepository\io\swagger\swagger-models\1.5.20\swagger-models-1.5.20.jar;D:\Develop\mvnrepository\com\fasterxml\jackson\core\jackson-annotations\2.9.0\jackson-annotations-2.9.0.jar;D:\Develop\mvnrepository\io\springfox\springfox-spi\2.9.2\springfox-spi-2.9.2.jar;D:\Develop\mvnrepository\io\springfox\springfox-core\2.9.2\springfox-core-2.9.2.jar;D:\Develop\mvnrepository\io\springfox\springfox-schema\2.9.2\springfox-schema-2.9.2.jar;D:\Develop\mvnrepository\io\springfox\springfox-swagger-common\2.9.2\springfox-swagger-common-2.9.2.jar;D:\Develop\mvnrepository\io\springfox\springfox-spring-web\2.9.2\springfox-spring-web-2.9.2.jar;D:\Develop\mvnrepository\com\google\guava\guava\20.0\guava-20.0.jar;D:\Develop\mvnrepository\com\fasterxml\classmate\1.4.0\classmate-1.4.0.jar;D:\Develop\mvnrepository\org\springframework\plugin\spring-plugin-core\1.2.0.RELEASE\spring-plugin-core-1.2.0.RELEASE.jar;D:\Develop\mvnrepository\org\springframework\plugin\spring-plugin-metadata\1.2.0.RELEASE\spring-plugin-metadata-1.2.0.RELEASE.jar;D:\Develop\mvnrepository\org\mapstruct\mapstruct\1.2.0.Final\mapstruct-1.2.0.Final.jar;D:\Develop\mvnrepository\io\springfox\springfox-swagger-ui\2.9.2\springfox-swagger-ui-2.9.2.jar;D:\Develop\mvnrepository\mysql\mysql-connector-java\5.1.49\mysql-connector-java-5.1.49.jar;D:\Develop\mvnrepository\org\springframework\boot\spring-boot-starter-jdbc\2.1.1.RELEASE\spring-boot-starter-jdbc-2.1.1.RELEASE.jar;D:\Develop\mvnrepository\com\zaxxer\HikariCP\3.2.0\HikariCP-3.2.0.jar;D:\Develop\mvnrepository\org\springframework\spring-jdbc\5.1.3.RELEASE\spring-jdbc-5.1.3.RELEASE.jar;D:\Develop\mvnrepository\org\springframework\spring-tx\5.1.3.RELEASE\spring-tx-5.1.3.RELEASE.jar;D:\Develop\mvnrepository\org\projectlombok\lombok\1.18.12\lombok-1.18.12.jar;D:\Develop\mvnrepository\log4j\log4j\1.2.17\log4j-1.2.17.jar;D:\Develop\mvnrepository\org\apache\rocketmq\rocketmq-common\4.3.0\rocketmq-common-4.3.0.jar;D:\Develop\mvnrepository\org\apache\rocketmq\rocketmq-client\4.3.0\rocketmq-client-4.3.0.jar;D:\Develop\mvnrepository\org\apache\commons\commons-lang3\3.8.1\commons-lang3-3.8.1.jar;D:\Develop\mvnrepository\org\apache\rocketmq\rocketmq-remoting\4.3.0\rocketmq-remoting-4.3.0.jar;D:\Develop\mvnrepository\com\alibaba\fastjson\1.2.29\fastjson-1.2.29.jar;D:\Develop\mvnrepository\io\netty\netty-all\4.1.31.Final\netty-all-4.1.31.Final.jar;D:\Develop\mvnrepository\org\apache\rocketmq\rocketmq-logging\4.3.0\rocketmq-logging-4.3.0.jar;D:\Develop\mvnrepository\io\netty\netty-tcnative-boringssl-static\2.0.20.Final\netty-tcnative-boringssl-static-2.0.20.Final.jar;D:\Develop\mvnrepository\com\xuxueli\xxl-job-core\2.2.0\xxl-job-core-2.2.0.jar;D:\Develop\mvnrepository\com\google\code\gson\gson\2.8.5\gson-2.8.5.jar;D:\Develop\mvnrepository\org\codehaus\groovy\groovy\2.5.4\groovy-2.5.4.jar;D:\Develop\mvnrepository\org\springframework\boot\spring-boot-starter-data-redis\2.1.1.RELEASE\spring-boot-starter-data-redis-2.1.1.RELEASE.jar;D:\Develop\mvnrepository\org\springframework\data\spring-data-redis\2.1.3.RELEASE\spring-data-redis-2.1.3.RELEASE.jar;D:\Develop\mvnrepository\org\springframework\data\spring-data-keyvalue\2.1.3.RELEASE\spring-data-keyvalue-2.1.3.RELEASE.jar;D:\Develop\mvnrepository\org\springframework\data\spring-data-commons\2.1.3.RELEASE\spring-data-commons-2.1.3.RELEASE.jar;D:\Develop\mvnrepository\org\springframework\spring-oxm\5.1.3.RELEASE\spring-oxm-5.1.3.RELEASE.jar;D:\Develop\mvnrepository\org\springframework\spring-context-support\5.1.3.RELEASE\spring-context-support-5.1.3.RELEASE.jar;D:\Develop\mvnrepository\io\lettuce\lettuce-core\5.1.3.RELEASE\lettuce-core-5.1.3.RELEASE.jar;D:\Develop\mvnrepository\io\projectreactor\reactor-core\3.2.3.RELEASE\reactor-core-3.2.3.RELEASE.jar;D:\Develop\mvnrepository\org\reactivestreams\reactive-streams\1.0.2\reactive-streams-1.0.2.jar;D:\Develop\mvnrepository\io\netty\netty-common\4.1.31.Final\netty-common-4.1.31.Final.jar;D:\Develop\mvnrepository\io\netty\netty-transport\4.1.31.Final\netty-transport-4.1.31.Final.jar;D:\Develop\mvnrepository\io\netty\netty-buffer\4.1.31.Final\netty-buffer-4.1.31.Final.jar;D:\Develop\mvnrepository\io\netty\netty-resolver\4.1.31.Final\netty-resolver-4.1.31.Final.jar;D:\Develop\mvnrepository\io\netty\netty-handler\4.1.31.Final\netty-handler-4.1.31.Final.jar;D:\Develop\mvnrepository\io\netty\netty-codec\4.1.31.Final\netty-codec-4.1.31.Final.jar;D:\Develop\mvnrepository\org\apache\commons\commons-pool2\2.6.0\commons-pool2-2.6.0.jar;D:\Develop\mvnrepository\cn\hutool\hutool-all\5.4.1\hutool-all-5.4.1.jar;D:\Develop\mvnrepository\org\apache\rocketmq\rocketmq-spring-boot-starter\2.0.1\rocketmq-spring-boot-starter-2.0.1.jar;D:\Develop\mvnrepository\org\apache\rocketmq\rocketmq-spring-boot\2.0.1\rocketmq-spring-boot-2.0.1.jar;D:\Develop\mvnrepository\org\springframework\spring-messaging\5.1.3.RELEASE\spring-messaging-5.1.3.RELEASE.jar;D:\Develop\mvnrepository\org\springframework\boot\spring-boot-starter-validation\2.1.1.RELEASE\spring-boot-starter-validation-2.1.1.RELEASE.jar;D:\Develop\mvnrepository\org\springframework\boot\spring-boot-devtools\2.1.1.RELEASE\spring-boot-devtools-2.1.1.RELEASE.jar;D:\Develop\mvnrepository\org\springframework\boot\spring-boot\2.1.1.RELEASE\spring-boot-2.1.1.RELEASE.jar;D:\Develop\mvnrepository\org\springframework\boot\spring-boot-starter-test\2.1.1.RELEASE\spring-boot-starter-test-2.1.1.RELEASE.jar;D:\Develop\mvnrepository\org\springframework\boot\spring-boot-test\2.1.1.RELEASE\spring-boot-test-2.1.1.RELEASE.jar;D:\Develop\mvnrepository\org\springframework\boot\spring-boot-test-autoconfigure\2.1.1.RELEASE\spring-boot-test-autoconfigure-2.1.1.RELEASE.jar;D:\Develop\mvnrepository\com\jayway\jsonpath\json-path\2.4.0\json-path-2.4.0.jar;D:\Develop\mvnrepository\net\minidev\json-smart\2.3\json-smart-2.3.jar;D:\Develop\mvnrepository\net\minidev\accessors-smart\1.2\accessors-smart-1.2.jar;D:\Develop\mvnrepository\org\ow2\asm\asm\5.0.4\asm-5.0.4.jar;D:\Develop\mvnrepository\junit\junit\4.12\junit-4.12.jar;D:\Develop\mvnrepository\org\assertj\assertj-core\3.11.1\assertj-core-3.11.1.jar;D:\Develop\mvnrepository\org\mockito\mockito-core\2.23.4\mockito-core-2.23.4.jar;D:\Develop\mvnrepository\net\bytebuddy\byte-buddy\1.9.5\byte-buddy-1.9.5.jar;D:\Develop\mvnrepository\net\bytebuddy\byte-buddy-agent\1.9.5\byte-buddy-agent-1.9.5.jar;D:\Develop\mvnrepository\org\objenesis\objenesis\2.6\objenesis-2.6.jar;D:\Develop\mvnrepository\org\hamcrest\hamcrest-core\1.3\hamcrest-core-1.3.jar;D:\Develop\mvnrepository\org\hamcrest\hamcrest-library\1.3\hamcrest-library-1.3.jar;D:\Develop\mvnrepository\org\skyscreamer\jsonassert\1.5.0\jsonassert-1.5.0.jar;D:\Develop\mvnrepository\com\vaadin\external\google\android-json\0.0.20131108.vaadin1\android-json-0.0.20131108.vaadin1.jar;D:\Develop\mvnrepository\org\springframework\spring-core\5.1.3.RELEASE\spring-core-5.1.3.RELEASE.jar;D:\Develop\mvnrepository\org\springframework\spring-jcl\5.1.3.RELEASE\spring-jcl-5.1.3.RELEASE.jar;D:\Develop\mvnrepository\org\springframework\spring-test\5.1.3.RELEASE\spring-test-5.1.3.RELEASE.jar;D:\Develop\mvnrepository\org\xmlunit\xmlunit-core\2.6.2\xmlunit-core-2.6.2.jar;"/>
    <property name="java.vm.vendor" value="Oracle Corporation"/>
    <property name="sun.arch.data.model" value="64"/>
    <property name="user.variant" value=""/>
    <property name="java.vendor.url" value="http://java.oracle.com/"/>
    <property name="user.timezone" value="Asia/Shanghai"/>
    <property name="java.vm.specification.version" value="1.8"/>
    <property name="os.name" value="Windows 10"/>
    <property name="user.country" value="CN"/>
    <property name="sun.java.launcher" value="SUN_STANDARD"/>
    <property name="sun.boot.library.path" value="D:\Java\jdk1.8.0_211\jre\bin"/>
    <property name="sun.java.command" value="C:\Users\caoqiang\AppData\Local\Temp\surefire943941121807061531\surefirebooter7852038076245786858.jar C:\Users\caoqiang\AppData\Local\Temp\surefire943941121807061531 2020-09-03T17-11-11_707-jvmRun1 surefire3364131617317789135tmp surefire_0913166387982154324tmp"/>
    <property name="surefire.test.class.path" value="E:\project\qiuli\producer\target\test-classes;E:\project\qiuli\producer\target\classes;E:\project\qiuli\dao\target\dao-1.0-SNAPSHOT.jar;E:\project\qiuli\common\target\common-1.0-SNAPSHOT.jar;E:\project\qiuli\service\target\service-1.0-SNAPSHOT.jar;E:\project\qiuli\service-api\target\service-api-1.0-SNAPSHOT.jar;D:\Develop\mvnrepository\org\springframework\boot\spring-boot-starter-web\2.1.1.RELEASE\spring-boot-starter-web-2.1.1.RELEASE.jar;D:\Develop\mvnrepository\org\springframework\boot\spring-boot-starter\2.1.1.RELEASE\spring-boot-starter-2.1.1.RELEASE.jar;D:\Develop\mvnrepository\org\springframework\boot\spring-boot-starter-logging\2.1.1.RELEASE\spring-boot-starter-logging-2.1.1.RELEASE.jar;D:\Develop\mvnrepository\ch\qos\logback\logback-classic\1.2.3\logback-classic-1.2.3.jar;D:\Develop\mvnrepository\ch\qos\logback\logback-core\1.2.3\logback-core-1.2.3.jar;D:\Develop\mvnrepository\org\apache\logging\log4j\log4j-to-slf4j\2.11.1\log4j-to-slf4j-2.11.1.jar;D:\Develop\mvnrepository\org\apache\logging\log4j\log4j-api\2.11.1\log4j-api-2.11.1.jar;D:\Develop\mvnrepository\org\slf4j\jul-to-slf4j\1.7.25\jul-to-slf4j-1.7.25.jar;D:\Develop\mvnrepository\javax\annotation\javax.annotation-api\1.3.2\javax.annotation-api-1.3.2.jar;D:\Develop\mvnrepository\org\yaml\snakeyaml\1.23\snakeyaml-1.23.jar;D:\Develop\mvnrepository\org\springframework\boot\spring-boot-starter-json\2.1.1.RELEASE\spring-boot-starter-json-2.1.1.RELEASE.jar;D:\Develop\mvnrepository\com\fasterxml\jackson\core\jackson-databind\2.9.7\jackson-databind-2.9.7.jar;D:\Develop\mvnrepository\com\fasterxml\jackson\core\jackson-core\2.9.7\jackson-core-2.9.7.jar;D:\Develop\mvnrepository\com\fasterxml\jackson\datatype\jackson-datatype-jdk8\2.9.7\jackson-datatype-jdk8-2.9.7.jar;D:\Develop\mvnrepository\com\fasterxml\jackson\datatype\jackson-datatype-jsr310\2.9.7\jackson-datatype-jsr310-2.9.7.jar;D:\Develop\mvnrepository\com\fasterxml\jackson\module\jackson-module-parameter-names\2.9.7\jackson-module-parameter-names-2.9.7.jar;D:\Develop\mvnrepository\org\springframework\boot\spring-boot-starter-tomcat\2.1.1.RELEASE\spring-boot-starter-tomcat-2.1.1.RELEASE.jar;D:\Develop\mvnrepository\org\apache\tomcat\embed\tomcat-embed-core\9.0.13\tomcat-embed-core-9.0.13.jar;D:\Develop\mvnrepository\org\apache\tomcat\embed\tomcat-embed-el\9.0.13\tomcat-embed-el-9.0.13.jar;D:\Develop\mvnrepository\org\apache\tomcat\embed\tomcat-embed-websocket\9.0.13\tomcat-embed-websocket-9.0.13.jar;D:\Develop\mvnrepository\org\hibernate\validator\hibernate-validator\6.0.13.Final\hibernate-validator-6.0.13.Final.jar;D:\Develop\mvnrepository\javax\validation\validation-api\2.0.1.Final\validation-api-2.0.1.Final.jar;D:\Develop\mvnrepository\org\jboss\logging\jboss-logging\3.3.2.Final\jboss-logging-3.3.2.Final.jar;D:\Develop\mvnrepository\org\springframework\spring-web\5.1.3.RELEASE\spring-web-5.1.3.RELEASE.jar;D:\Develop\mvnrepository\org\springframework\spring-beans\5.1.3.RELEASE\spring-beans-5.1.3.RELEASE.jar;D:\Develop\mvnrepository\org\springframework\spring-webmvc\5.1.3.RELEASE\spring-webmvc-5.1.3.RELEASE.jar;D:\Develop\mvnrepository\org\springframework\spring-aop\5.1.3.RELEASE\spring-aop-5.1.3.RELEASE.jar;D:\Develop\mvnrepository\org\springframework\spring-context\5.1.3.RELEASE\spring-context-5.1.3.RELEASE.jar;D:\Develop\mvnrepository\org\springframework\spring-expression\5.1.3.RELEASE\spring-expression-5.1.3.RELEASE.jar;D:\Develop\mvnrepository\com\alibaba\druid-spring-boot-starter\1.1.23\druid-spring-boot-starter-1.1.23.jar;D:\Develop\mvnrepository\com\alibaba\druid\1.1.23\druid-1.1.23.jar;D:\Develop\mvnrepository\org\slf4j\slf4j-api\1.7.25\slf4j-api-1.7.25.jar;D:\Develop\mvnrepository\org\springframework\boot\spring-boot-autoconfigure\2.1.1.RELEASE\spring-boot-autoconfigure-2.1.1.RELEASE.jar;D:\Develop\mvnrepository\org\mybatis\spring\boot\mybatis-spring-boot-starter\2.0.1\mybatis-spring-boot-starter-2.0.1.jar;D:\Develop\mvnrepository\org\mybatis\spring\boot\mybatis-spring-boot-autoconfigure\2.0.1\mybatis-spring-boot-autoconfigure-2.0.1.jar;D:\Develop\mvnrepository\org\mybatis\mybatis\3.5.1\mybatis-3.5.1.jar;D:\Develop\mvnrepository\org\mybatis\mybatis-spring\2.0.1\mybatis-spring-2.0.1.jar;D:\Develop\mvnrepository\io\springfox\springfox-swagger2\2.9.2\springfox-swagger2-2.9.2.jar;D:\Develop\mvnrepository\io\swagger\swagger-annotations\1.5.20\swagger-annotations-1.5.20.jar;D:\Develop\mvnrepository\io\swagger\swagger-models\1.5.20\swagger-models-1.5.20.jar;D:\Develop\mvnrepository\com\fasterxml\jackson\core\jackson-annotations\2.9.0\jackson-annotations-2.9.0.jar;D:\Develop\mvnrepository\io\springfox\springfox-spi\2.9.2\springfox-spi-2.9.2.jar;D:\Develop\mvnrepository\io\springfox\springfox-core\2.9.2\springfox-core-2.9.2.jar;D:\Develop\mvnrepository\io\springfox\springfox-schema\2.9.2\springfox-schema-2.9.2.jar;D:\Develop\mvnrepository\io\springfox\springfox-swagger-common\2.9.2\springfox-swagger-common-2.9.2.jar;D:\Develop\mvnrepository\io\springfox\springfox-spring-web\2.9.2\springfox-spring-web-2.9.2.jar;D:\Develop\mvnrepository\com\google\guava\guava\20.0\guava-20.0.jar;D:\Develop\mvnrepository\com\fasterxml\classmate\1.4.0\classmate-1.4.0.jar;D:\Develop\mvnrepository\org\springframework\plugin\spring-plugin-core\1.2.0.RELEASE\spring-plugin-core-1.2.0.RELEASE.jar;D:\Develop\mvnrepository\org\springframework\plugin\spring-plugin-metadata\1.2.0.RELEASE\spring-plugin-metadata-1.2.0.RELEASE.jar;D:\Develop\mvnrepository\org\mapstruct\mapstruct\1.2.0.Final\mapstruct-1.2.0.Final.jar;D:\Develop\mvnrepository\io\springfox\springfox-swagger-ui\2.9.2\springfox-swagger-ui-2.9.2.jar;D:\Develop\mvnrepository\mysql\mysql-connector-java\5.1.49\mysql-connector-java-5.1.49.jar;D:\Develop\mvnrepository\org\springframework\boot\spring-boot-starter-jdbc\2.1.1.RELEASE\spring-boot-starter-jdbc-2.1.1.RELEASE.jar;D:\Develop\mvnrepository\com\zaxxer\HikariCP\3.2.0\HikariCP-3.2.0.jar;D:\Develop\mvnrepository\org\springframework\spring-jdbc\5.1.3.RELEASE\spring-jdbc-5.1.3.RELEASE.jar;D:\Develop\mvnrepository\org\springframework\spring-tx\5.1.3.RELEASE\spring-tx-5.1.3.RELEASE.jar;D:\Develop\mvnrepository\org\projectlombok\lombok\1.18.12\lombok-1.18.12.jar;D:\Develop\mvnrepository\log4j\log4j\1.2.17\log4j-1.2.17.jar;D:\Develop\mvnrepository\org\apache\rocketmq\rocketmq-common\4.3.0\rocketmq-common-4.3.0.jar;D:\Develop\mvnrepository\org\apache\rocketmq\rocketmq-client\4.3.0\rocketmq-client-4.3.0.jar;D:\Develop\mvnrepository\org\apache\commons\commons-lang3\3.8.1\commons-lang3-3.8.1.jar;D:\Develop\mvnrepository\org\apache\rocketmq\rocketmq-remoting\4.3.0\rocketmq-remoting-4.3.0.jar;D:\Develop\mvnrepository\com\alibaba\fastjson\1.2.29\fastjson-1.2.29.jar;D:\Develop\mvnrepository\io\netty\netty-all\4.1.31.Final\netty-all-4.1.31.Final.jar;D:\Develop\mvnrepository\org\apache\rocketmq\rocketmq-logging\4.3.0\rocketmq-logging-4.3.0.jar;D:\Develop\mvnrepository\io\netty\netty-tcnative-boringssl-static\2.0.20.Final\netty-tcnative-boringssl-static-2.0.20.Final.jar;D:\Develop\mvnrepository\com\xuxueli\xxl-job-core\2.2.0\xxl-job-core-2.2.0.jar;D:\Develop\mvnrepository\com\google\code\gson\gson\2.8.5\gson-2.8.5.jar;D:\Develop\mvnrepository\org\codehaus\groovy\groovy\2.5.4\groovy-2.5.4.jar;D:\Develop\mvnrepository\org\springframework\boot\spring-boot-starter-data-redis\2.1.1.RELEASE\spring-boot-starter-data-redis-2.1.1.RELEASE.jar;D:\Develop\mvnrepository\org\springframework\data\spring-data-redis\2.1.3.RELEASE\spring-data-redis-2.1.3.RELEASE.jar;D:\Develop\mvnrepository\org\springframework\data\spring-data-keyvalue\2.1.3.RELEASE\spring-data-keyvalue-2.1.3.RELEASE.jar;D:\Develop\mvnrepository\org\springframework\data\spring-data-commons\2.1.3.RELEASE\spring-data-commons-2.1.3.RELEASE.jar;D:\Develop\mvnrepository\org\springframework\spring-oxm\5.1.3.RELEASE\spring-oxm-5.1.3.RELEASE.jar;D:\Develop\mvnrepository\org\springframework\spring-context-support\5.1.3.RELEASE\spring-context-support-5.1.3.RELEASE.jar;D:\Develop\mvnrepository\io\lettuce\lettuce-core\5.1.3.RELEASE\lettuce-core-5.1.3.RELEASE.jar;D:\Develop\mvnrepository\io\projectreactor\reactor-core\3.2.3.RELEASE\reactor-core-3.2.3.RELEASE.jar;D:\Develop\mvnrepository\org\reactivestreams\reactive-streams\1.0.2\reactive-streams-1.0.2.jar;D:\Develop\mvnrepository\io\netty\netty-common\4.1.31.Final\netty-common-4.1.31.Final.jar;D:\Develop\mvnrepository\io\netty\netty-transport\4.1.31.Final\netty-transport-4.1.31.Final.jar;D:\Develop\mvnrepository\io\netty\netty-buffer\4.1.31.Final\netty-buffer-4.1.31.Final.jar;D:\Develop\mvnrepository\io\netty\netty-resolver\4.1.31.Final\netty-resolver-4.1.31.Final.jar;D:\Develop\mvnrepository\io\netty\netty-handler\4.1.31.Final\netty-handler-4.1.31.Final.jar;D:\Develop\mvnrepository\io\netty\netty-codec\4.1.31.Final\netty-codec-4.1.31.Final.jar;D:\Develop\mvnrepository\org\apache\commons\commons-pool2\2.6.0\commons-pool2-2.6.0.jar;D:\Develop\mvnrepository\cn\hutool\hutool-all\5.4.1\hutool-all-5.4.1.jar;D:\Develop\mvnrepository\org\apache\rocketmq\rocketmq-spring-boot-starter\2.0.1\rocketmq-spring-boot-starter-2.0.1.jar;D:\Develop\mvnrepository\org\apache\rocketmq\rocketmq-spring-boot\2.0.1\rocketmq-spring-boot-2.0.1.jar;D:\Develop\mvnrepository\org\springframework\spring-messaging\5.1.3.RELEASE\spring-messaging-5.1.3.RELEASE.jar;D:\Develop\mvnrepository\org\springframework\boot\spring-boot-starter-validation\2.1.1.RELEASE\spring-boot-starter-validation-2.1.1.RELEASE.jar;D:\Develop\mvnrepository\org\springframework\boot\spring-boot-devtools\2.1.1.RELEASE\spring-boot-devtools-2.1.1.RELEASE.jar;D:\Develop\mvnrepository\org\springframework\boot\spring-boot\2.1.1.RELEASE\spring-boot-2.1.1.RELEASE.jar;D:\Develop\mvnrepository\org\springframework\boot\spring-boot-starter-test\2.1.1.RELEASE\spring-boot-starter-test-2.1.1.RELEASE.jar;D:\Develop\mvnrepository\org\springframework\boot\spring-boot-test\2.1.1.RELEASE\spring-boot-test-2.1.1.RELEASE.jar;D:\Develop\mvnrepository\org\springframework\boot\spring-boot-test-autoconfigure\2.1.1.RELEASE\spring-boot-test-autoconfigure-2.1.1.RELEASE.jar;D:\Develop\mvnrepository\com\jayway\jsonpath\json-path\2.4.0\json-path-2.4.0.jar;D:\Develop\mvnrepository\net\minidev\json-smart\2.3\json-smart-2.3.jar;D:\Develop\mvnrepository\net\minidev\accessors-smart\1.2\accessors-smart-1.2.jar;D:\Develop\mvnrepository\org\ow2\asm\asm\5.0.4\asm-5.0.4.jar;D:\Develop\mvnrepository\junit\junit\4.12\junit-4.12.jar;D:\Develop\mvnrepository\org\assertj\assertj-core\3.11.1\assertj-core-3.11.1.jar;D:\Develop\mvnrepository\org\mockito\mockito-core\2.23.4\mockito-core-2.23.4.jar;D:\Develop\mvnrepository\net\bytebuddy\byte-buddy\1.9.5\byte-buddy-1.9.5.jar;D:\Develop\mvnrepository\net\bytebuddy\byte-buddy-agent\1.9.5\byte-buddy-agent-1.9.5.jar;D:\Develop\mvnrepository\org\objenesis\objenesis\2.6\objenesis-2.6.jar;D:\Develop\mvnrepository\org\hamcrest\hamcrest-core\1.3\hamcrest-core-1.3.jar;D:\Develop\mvnrepository\org\hamcrest\hamcrest-library\1.3\hamcrest-library-1.3.jar;D:\Develop\mvnrepository\org\skyscreamer\jsonassert\1.5.0\jsonassert-1.5.0.jar;D:\Develop\mvnrepository\com\vaadin\external\google\android-json\0.0.20131108.vaadin1\android-json-0.0.20131108.vaadin1.jar;D:\Develop\mvnrepository\org\springframework\spring-core\5.1.3.RELEASE\spring-core-5.1.3.RELEASE.jar;D:\Develop\mvnrepository\org\springframework\spring-jcl\5.1.3.RELEASE\spring-jcl-5.1.3.RELEASE.jar;D:\Develop\mvnrepository\org\springframework\spring-test\5.1.3.RELEASE\spring-test-5.1.3.RELEASE.jar;D:\Develop\mvnrepository\org\xmlunit\xmlunit-core\2.6.2\xmlunit-core-2.6.2.jar;"/>
    <property name="sun.cpu.endian" value="little"/>
    <property name="user.home" value="C:\Users\caoqiang"/>
    <property name="user.language" value="zh"/>
    <property name="java.specification.vendor" value="Oracle Corporation"/>
    <property name="java.home" value="D:\Java\jdk1.8.0_211\jre"/>
    <property name="basedir" value="E:\project\qiuli\producer"/>
    <property name="file.separator" value="\"/>
    <property name="line.separator" value="&#10;"/>
    <property name="java.vm.specification.vendor" value="Oracle Corporation"/>
    <property name="java.specification.name" value="Java Platform API Specification"/>
    <property name="java.awt.graphicsenv" value="sun.awt.Win32GraphicsEnvironment"/>
    <property name="surefire.real.class.path" value="C:\Users\caoqiang\AppData\Local\Temp\surefire943941121807061531\surefirebooter7852038076245786858.jar"/>
    <property name="idea.version2020.1.4" value="true"/>
    <property name="sun.boot.class.path" value="D:\Java\jdk1.8.0_211\jre\lib\resources.jar;D:\Java\jdk1.8.0_211\jre\lib\rt.jar;D:\Java\jdk1.8.0_211\jre\lib\sunrsasign.jar;D:\Java\jdk1.8.0_211\jre\lib\jsse.jar;D:\Java\jdk1.8.0_211\jre\lib\jce.jar;D:\Java\jdk1.8.0_211\jre\lib\charsets.jar;D:\Java\jdk1.8.0_211\jre\lib\jfr.jar;D:\Java\jdk1.8.0_211\jre\classes"/>
    <property name="user.script" value=""/>
    <property name="sun.management.compiler" value="HotSpot 64-Bit Tiered Compilers"/>
    <property name="java.runtime.version" value="1.8.0_211-b12"/>
    <property name="user.name" value="caoqiang"/>
    <property name="path.separator" value=";"/>
    <property name="os.version" value="10.0"/>
    <property name="java.endorsed.dirs" value="D:\Java\jdk1.8.0_211\jre\lib\endorsed"/>
    <property name="java.runtime.name" value="Java(TM) SE Runtime Environment"/>
    <property name="file.encoding" value="GBK"/>
    <property name="java.vm.name" value="Java HotSpot(TM) 64-Bit Server VM"/>
    <property name="localRepository" value="D:\Develop\mvnrepository"/>
    <property name="java.vendor.url.bug" value="http://bugreport.sun.com/bugreport/"/>
    <property name="java.io.tmpdir" value="C:\Users\caoqiang\AppData\Local\Temp\"/>
    <property name="java.version" value="1.8.0_211"/>
    <property name="user.dir" value="E:\project\qiuli\producer"/>
    <property name="os.arch" value="amd64"/>
    <property name="java.vm.specification.name" value="Java Virtual Machine Specification"/>
    <property name="java.awt.printerjob" value="sun.awt.windows.WPrinterJob"/>
    <property name="sun.os.patch.level" value=""/>
    <property name="java.library.path" value="D:\Java\jdk1.8.0_211\jre\bin;C:\windows\Sun\Java\bin;C:\windows\system32;C:\windows;C:\Program Files (x86)\Common Files\Oracle\Java\javapath;C:\windows\system32;C:\windows;C:\windows\System32\Wbem;C:\windows\System32\WindowsPowerShell\v1.0\;C:\windows\System32\OpenSSH\;D:\Java\jdk1.8.0_211\bin;D:\Program Files\Git\cmd;D:\apache-maven-3.6.3\bin;D:\nodejs\;D:\vue\Yarn\bin\;C:\Users\caoqiang\AppData\Local\Microsoft\WindowsApps;;c:\program files\esafenet\cobra docguard client;C:\Users\caoqiang\AppData\Roaming\npm;C:\Users\caoqiang\AppData\Local\Yarn\bin;."/>
    <property name="java.vm.info" value="mixed mode"/>
    <property name="java.vendor" value="Oracle Corporation"/>
    <property name="java.vm.version" value="25.211-b12"/>
    <property name="java.ext.dirs" value="D:\Java\jdk1.8.0_211\jre\lib\ext;C:\windows\Sun\Java\lib\ext"/>
    <property name="sun.io.unicode.encoding" value="UnicodeLittle"/>
    <property name="java.class.version" value="52.0"/>
  </properties>
  <testcase name="saveTest" classname="com.troy.qiuli.producer.redis.service.RedisServiceTest" time="1.348"/>
  <testcase name="getValueTest" classname="com.troy.qiuli.producer.redis.service.RedisServiceTest" time="0.057"/>
  <testcase name="deleteTest" classname="com.troy.qiuli.producer.redis.service.RedisServiceTest" time="0.431"/>
</testsuite>